[13-Mar-2018 04:47:03 UTC] PHP Fatal error:  Call to undefined function size() in /home/ubuntu/workspace/dhight/hw/hw3/index.php on line 3
[13-Mar-2018 04:47:03 UTC] PHP Stack trace:
[13-Mar-2018 04:47:03 UTC] PHP   1. {main}() /home/ubuntu/workspace/dhight/hw/hw3/index.php:0
[13-Mar-2018 04:47:19 UTC] PHP Fatal error:  Call to undefined function size() in /home/ubuntu/workspace/dhight/hw/hw3/index.php on line 3
[13-Mar-2018 04:47:19 UTC] PHP Stack trace:
[13-Mar-2018 04:47:19 UTC] PHP   1. {main}() /home/ubuntu/workspace/dhight/hw/hw3/index.php:0
[13-Mar-2018 04:47:45 UTC] PHP Warning:  count() expects at least 1 parameter, 0 given in /home/ubuntu/workspace/dhight/hw/hw3/index.php on line 3
[13-Mar-2018 04:47:45 UTC] PHP Stack trace:
[13-Mar-2018 04:47:45 UTC] PHP   1. {main}() /home/ubuntu/workspace/dhight/hw/hw3/index.php:0
[13-Mar-2018 04:47:45 UTC] PHP   2. count() /home/ubuntu/workspace/dhight/hw/hw3/index.php:3
[13-Mar-2018 04:47:45 UTC] PHP Warning:  count() expects at least 1 parameter, 0 given in /home/ubuntu/workspace/dhight/hw/hw3/index.php on line 3
[13-Mar-2018 04:47:45 UTC] PHP Stack trace:
[13-Mar-2018 04:47:45 UTC] PHP   1. {main}() /home/ubuntu/workspace/dhight/hw/hw3/index.php:0
[13-Mar-2018 04:47:45 UTC] PHP   2. count() /home/ubuntu/workspace/dhight/hw/hw3/index.php:3
[13-Mar-2018 05:13:10 UTC] PHP Parse error:  syntax error, unexpected '}' in /home/ubuntu/workspace/dhight/hw/hw3/index.php on line 13
[13-Mar-2018 05:13:21 UTC] PHP Parse error:  syntax error, unexpected '}' in /home/ubuntu/workspace/dhight/hw/hw3/index.php on line 13
[13-Mar-2018 05:13:32 UTC] PHP Parse error:  syntax error, unexpected '}' in /home/ubuntu/workspace/dhight/hw/hw3/index.php on line 13
[13-Mar-2018 05:13:38 UTC] PHP Parse error:  syntax error, unexpected '}' in /home/ubuntu/workspace/dhight/hw/hw3/index.php on line 13
[13-Mar-2018 05:35:23 UTC] PHP Parse error:  syntax error, unexpected 'else' (T_ELSE), expecting ',' or ';' in /home/ubuntu/workspace/dhight/hw/hw3/index.php on line 72
[13-Mar-2018 05:35:35 UTC] PHP Parse error:  syntax error, unexpected '$i' (T_VARIABLE), expecting ',' or ';' in /home/ubuntu/workspace/dhight/hw/hw3/index.php on line 73
[13-Mar-2018 05:36:00 UTC] PHP Parse error:  syntax error, unexpected '$i' (T_VARIABLE), expecting ',' or ';' in /home/ubuntu/workspace/dhight/hw/hw3/index.php on line 73
[13-Mar-2018 05:37:36 UTC] PHP Parse error:  syntax error, unexpected '' (T_ENCAPSED_AND_WHITESPACE), expecting identifier (T_STRING) or variable (T_VARIABLE) or number (T_NUM_STRING) in /home/ubuntu/workspace/dhight/hw/hw3/index.php on line 71
[13-Mar-2018 05:38:12 UTC] PHP Parse error:  syntax error, unexpected '' (T_ENCAPSED_AND_WHITESPACE), expecting identifier (T_STRING) or variable (T_VARIABLE) or number (T_NUM_STRING) in /home/ubuntu/workspace/dhight/hw/hw3/index.php on line 71
[13-Mar-2018 05:39:39 UTC] PHP Parse error:  syntax error, unexpected '"', expecting identifier (T_STRING) or variable (T_VARIABLE) or number (T_NUM_STRING) in /home/ubuntu/workspace/dhight/hw/hw3/index.php on line 71
[13-Mar-2018 05:39:54 UTC] PHP Parse error:  syntax error, unexpected '[', expecting ']' in /home/ubuntu/workspace/dhight/hw/hw3/index.php on line 71
[13-Mar-2018 05:40:49 UTC] PHP Parse error:  syntax error, unexpected '' (T_ENCAPSED_AND_WHITESPACE), expecting identifier (T_STRING) or variable (T_VARIABLE) or number (T_NUM_STRING) in /home/ubuntu/workspace/dhight/hw/hw3/index.php on line 71
[13-Mar-2018 05:41:15 UTC] PHP Parse error:  syntax error, unexpected '' (T_ENCAPSED_AND_WHITESPACE), expecting identifier (T_STRING) or variable (T_VARIABLE) or number (T_NUM_STRING) in /home/ubuntu/workspace/dhight/hw/hw3/index.php on line 71
[13-Mar-2018 05:41:38 UTC] PHP Parse error:  syntax error, unexpected '/' in /home/ubuntu/workspace/dhight/hw/hw3/index.php on line 71
[13-Mar-2018 05:53:39 UTC] PHP Parse error:  syntax error, unexpected 'foreach' (T_FOREACH) in /home/ubuntu/workspace/dhight/hw/hw3/index.php on line 15
[13-Mar-2018 05:54:01 UTC] PHP Parse error:  syntax error, unexpected 'foreach' (T_FOREACH) in /home/ubuntu/workspace/dhight/hw/hw3/index.php on line 15
[13-Mar-2018 06:59:58 UTC] PHP Warning:  Illegal offset type in isset or empty in /home/ubuntu/workspace/dhight/hw/hw3/inc/functions.php on line 6
[13-Mar-2018 06:59:58 UTC] PHP Stack trace:
[13-Mar-2018 06:59:58 UTC] PHP   1. {main}() /home/ubuntu/workspace/dhight/hw/hw3/index.php:0
[13-Mar-2018 06:59:58 UTC] PHP   2. include() /home/ubuntu/workspace/dhight/hw/hw3/index.php:2
[13-Mar-2018 06:59:58 UTC] PHP Warning:  Illegal offset type in /home/ubuntu/workspace/dhight/hw/hw3/inc/functions.php on line 7
[13-Mar-2018 06:59:58 UTC] PHP Stack trace:
[13-Mar-2018 06:59:58 UTC] PHP   1. {main}() /home/ubuntu/workspace/dhight/hw/hw3/index.php:0
[13-Mar-2018 06:59:58 UTC] PHP   2. include() /home/ubuntu/workspace/dhight/hw/hw3/index.php:2
[13-Mar-2018 06:59:58 UTC] PHP Warning:  Illegal offset type in isset or empty in /home/ubuntu/workspace/dhight/hw/hw3/inc/functions.php on line 6
[13-Mar-2018 06:59:58 UTC] PHP Stack trace:
[13-Mar-2018 06:59:58 UTC] PHP   1. {main}() /home/ubuntu/workspace/dhight/hw/hw3/index.php:0
[13-Mar-2018 06:59:58 UTC] PHP   2. include() /home/ubuntu/workspace/dhight/hw/hw3/index.php:2
[13-Mar-2018 06:59:58 UTC] PHP Warning:  Illegal offset type in /home/ubuntu/workspace/dhight/hw/hw3/inc/functions.php on line 7
[13-Mar-2018 06:59:58 UTC] PHP Stack trace:
[13-Mar-2018 06:59:58 UTC] PHP   1. {main}() /home/ubuntu/workspace/dhight/hw/hw3/index.php:0
[13-Mar-2018 06:59:58 UTC] PHP   2. include() /home/ubuntu/workspace/dhight/hw/hw3/index.php:2
[13-Mar-2018 06:59:58 UTC] PHP Warning:  Illegal offset type in isset or empty in /home/ubuntu/workspace/dhight/hw/hw3/inc/functions.php on line 6
[13-Mar-2018 06:59:58 UTC] PHP Stack trace:
[13-Mar-2018 06:59:58 UTC] PHP   1. {main}() /home/ubuntu/workspace/dhight/hw/hw3/index.php:0
[13-Mar-2018 06:59:58 UTC] PHP   2. include() /home/ubuntu/workspace/dhight/hw/hw3/index.php:2
[13-Mar-2018 06:59:58 UTC] PHP Warning:  Illegal offset type in /home/ubuntu/workspace/dhight/hw/hw3/inc/functions.php on line 7
[13-Mar-2018 06:59:58 UTC] PHP Stack trace:
[13-Mar-2018 06:59:58 UTC] PHP   1. {main}() /home/ubuntu/workspace/dhight/hw/hw3/index.php:0
[13-Mar-2018 06:59:58 UTC] PHP   2. include() /home/ubuntu/workspace/dhight/hw/hw3/index.php:2
[13-Mar-2018 06:59:58 UTC] PHP Warning:  Illegal offset type in isset or empty in /home/ubuntu/workspace/dhight/hw/hw3/inc/functions.php on line 6
[13-Mar-2018 06:59:58 UTC] PHP Stack trace:
[13-Mar-2018 06:59:58 UTC] PHP   1. {main}() /home/ubuntu/workspace/dhight/hw/hw3/index.php:0
[13-Mar-2018 06:59:58 UTC] PHP   2. include() /home/ubuntu/workspace/dhight/hw/hw3/index.php:2
[13-Mar-2018 06:59:58 UTC] PHP Warning:  Illegal offset type in /home/ubuntu/workspace/dhight/hw/hw3/inc/functions.php on line 7
[13-Mar-2018 06:59:58 UTC] PHP Stack trace:
[13-Mar-2018 06:59:58 UTC] PHP   1. {main}() /home/ubuntu/workspace/dhight/hw/hw3/index.php:0
[13-Mar-2018 06:59:58 UTC] PHP   2. include() /home/ubuntu/workspace/dhight/hw/hw3/index.php:2
[13-Mar-2018 06:59:58 UTC] PHP Warning:  Illegal offset type in isset or empty in /home/ubuntu/workspace/dhight/hw/hw3/inc/functions.php on line 6
[13-Mar-2018 06:59:58 UTC] PHP Stack trace:
[13-Mar-2018 06:59:58 UTC] PHP   1. {main}() /home/ubuntu/workspace/dhight/hw/hw3/index.php:0
[13-Mar-2018 06:59:58 UTC] PHP   2. include() /home/ubuntu/workspace/dhight/hw/hw3/index.php:2
[13-Mar-2018 06:59:58 UTC] PHP Warning:  Illegal offset type in /home/ubuntu/workspace/dhight/hw/hw3/inc/functions.php on line 7
[13-Mar-2018 06:59:58 UTC] PHP Stack trace:
[13-Mar-2018 06:59:58 UTC] PHP   1. {main}() /home/ubuntu/workspace/dhight/hw/hw3/index.php:0
[13-Mar-2018 06:59:58 UTC] PHP   2. include() /home/ubuntu/workspace/dhight/hw/hw3/index.php:2
[13-Mar-2018 06:59:58 UTC] PHP Warning:  Illegal offset type in isset or empty in /home/ubuntu/workspace/dhight/hw/hw3/inc/functions.php on line 6
[13-Mar-2018 06:59:58 UTC] PHP Stack trace:
[13-Mar-2018 06:59:58 UTC] PHP   1. {main}() /home/ubuntu/workspace/dhight/hw/hw3/index.php:0
[13-Mar-2018 06:59:58 UTC] PHP   2. include() /home/ubuntu/workspace/dhight/hw/hw3/index.php:2
[13-Mar-2018 06:59:58 UTC] PHP Warning:  Illegal offset type in /home/ubuntu/workspace/dhight/hw/hw3/inc/functions.php on line 7
[13-Mar-2018 06:59:58 UTC] PHP Stack trace:
[13-Mar-2018 06:59:58 UTC] PHP   1. {main}() /home/ubuntu/workspace/dhight/hw/hw3/index.php:0
[13-Mar-2018 06:59:58 UTC] PHP   2. include() /home/ubuntu/workspace/dhight/hw/hw3/index.php:2
[13-Mar-2018 06:59:58 UTC] PHP Warning:  Illegal offset type in isset or empty in /home/ubuntu/workspace/dhight/hw/hw3/inc/functions.php on line 6
[13-Mar-2018 06:59:58 UTC] PHP Stack trace:
[13-Mar-2018 06:59:58 UTC] PHP   1. {main}() /home/ubuntu/workspace/dhight/hw/hw3/index.php:0
[13-Mar-2018 06:59:58 UTC] PHP   2. include() /home/ubuntu/workspace/dhight/hw/hw3/index.php:2
[13-Mar-2018 06:59:58 UTC] PHP Warning:  Illegal offset type in /home/ubuntu/workspace/dhight/hw/hw3/inc/functions.php on line 7
[13-Mar-2018 06:59:58 UTC] PHP Stack trace:
[13-Mar-2018 06:59:58 UTC] PHP   1. {main}() /home/ubuntu/workspace/dhight/hw/hw3/index.php:0
[13-Mar-2018 06:59:58 UTC] PHP   2. include() /home/ubuntu/workspace/dhight/hw/hw3/index.php:2
[13-Mar-2018 07:40:55 UTC] PHP Fatal error:  Call to undefined function test_input() in /home/ubuntu/workspace/dhight/hw/hw3/inc/functions.php on line 13
[13-Mar-2018 07:40:55 UTC] PHP Stack trace:
[13-Mar-2018 07:40:55 UTC] PHP   1. {main}() /home/ubuntu/workspace/dhight/hw/hw3/index.php:0
[13-Mar-2018 07:40:55 UTC] PHP   2. include() /home/ubuntu/workspace/dhight/hw/hw3/index.php:2
[13-Mar-2018 08:07:46 UTC] PHP Warning:  Missing argument 1 for no_errors(), called in /home/ubuntu/workspace/dhight/hw/hw3/index.php on line 18 and defined in /home/ubuntu/workspace/dhight/hw/hw3/inc/functions.php on line 70
[13-Mar-2018 08:07:46 UTC] PHP Stack trace:
[13-Mar-2018 08:07:46 UTC] PHP   1. {main}() /home/ubuntu/workspace/dhight/hw/hw3/index.php:0
[13-Mar-2018 08:07:46 UTC] PHP   2. no_errors() /home/ubuntu/workspace/dhight/hw/hw3/index.php:18
[13-Mar-2018 08:57:05 UTC] PHP Fatal error:  Call to undefined function display() in /home/ubuntu/workspace/dhight/hw/hw3/index.php on line 18
[13-Mar-2018 08:57:05 UTC] PHP Stack trace:
[13-Mar-2018 08:57:05 UTC] PHP   1. {main}() /home/ubuntu/workspace/dhight/hw/hw3/index.php:0
[13-Mar-2018 08:57:21 UTC] PHP Fatal error:  Call to undefined function display() in /home/ubuntu/workspace/dhight/hw/hw3/index.php on line 18
[13-Mar-2018 08:57:21 UTC] PHP Stack trace:
[13-Mar-2018 08:57:21 UTC] PHP   1. {main}() /home/ubuntu/workspace/dhight/hw/hw3/index.php:0
[13-Mar-2018 09:18:29 UTC] PHP Fatal error:  Call to undefined function noerrors() in /home/ubuntu/workspace/dhight/hw/hw3/index.php on line 24
[13-Mar-2018 09:18:29 UTC] PHP Stack trace:
[13-Mar-2018 09:18:29 UTC] PHP   1. {main}() /home/ubuntu/workspace/dhight/hw/hw3/index.php:0
